[0m
> build · glm-4.7
[0m
[0m→ [0mRead conductor/autonomous_prompt.md
[0m✗ [0mread failed
[91m[1mError: [0mFile not found: /home/daniel-bo/Desktop/integrated-math-3/conductor/current_directive.md
[0m→ [0mRead conductor/tracks.md
[0m→ [0mRead conductor/tech-debt.md
[0m→ [0mRead conductor/lessons-learned.md
[0m
[0m$ [0mgit status
On branch master
Changes not staged for commit:
  (use "git add <file>..." to update what will be committed)
  (use "git restore <file>..." to discard changes in working directory)
	modified:   conductor/output.log
	modified:   conductor/tracks/flexible-phase-model_20260406/plan.md
	modified:   convex/schema.ts

Untracked files:
  (use "git add <file>..." to include in what will be committed)
	__tests__/convex/
	__tests__/lib/
	lib/curriculum/

no changes added to commit (use "git add" and/or "git commit -a")
[0m
[0m→ [0mRead conductor/tracks/flexible-phase-model_20260406/plan.md
