# Code Review Report — 2026-04-16 (Timing Baselines & Component Kind Fix)

## Scope
Tracks reviewed since previous audit (64d7dca..db83550):
- Fix submitReviewHandler componentKind Derivation (Phase 1)
- Practice Timing Baselines (Phases 1–5)

16 commits, ~2922 lines across 23 files.

## Test/Lint/Build Baseline
- **Tests**: 2493 passed, 6 failed (pre-existing equivalence validator — fraction/radical expressions)
- **Lint**: Passing
- **Build**: Passing (RSC chunk 750 KB, pre-existing sourcemap warnings)
- **README**: Accurate — tech stack, project structure, features all current

## Files Reviewed

| File | Verdict |
|------|---------|
| `convex/dev.ts` | **Clean** — componentKind fix correct, derives from placement.phaseType |
| `__tests__/convex/dev.test.ts` | **Clean** — 3 new tests cover derivation, fallback, and cross-kind cases |
| `lib/practice/timing-baseline.ts` | **Clean** — pure functions, no Convex/React deps, well-tested |
| `lib/practice/srs-rating.ts` | **Clean** — conservative timing modifier, correctness hierarchy enforced |
| `lib/practice/objective-proficiency.ts` | **Clean** — 3-dimension separation, priority defaults, triaged policy |
| `components/student/ObjectiveProficiencyBadge.tsx` | **Clean** — no speed pressure language, privacy-compliant |
| `components/teacher/TeacherObjectiveDiagnosticCard.tsx` | **Clean** — diagnostic details, baseline gap warnings |
| `__tests__/lib/practice/timing-baseline.test.ts` | **Clean** — 220 lines, covers percentile, outlier, threshold cases |
| `__tests__/lib/practice/srs-rating.test.ts` | **Clean** — 202 lines, covers all rating transitions |
| `__tests__/lib/practice/objective-proficiency.test.ts` | **Clean** — 428 lines, covers priority defaults, evidence, proficiency |
| `__tests__/components/student/ObjectiveProficiencyBadge.test.tsx` | **Clean** — privacy compliance, all proficiency states |
| `__tests__/components/teacher/TeacherObjectiveDiagnosticCard.test.tsx` | **Clean** — baseline gaps, low confidence, problem families |
| `convex/timing_baseline.ts` | Medium issues noted (N+1, scaling concerns) |
| `convex/schema.ts` | **Clean** — timing_baselines table with proper indexes |
| `lib/practice/timing-baseline.md` | **Clean** — excellent developer docs with examples |

## Issues Found

### Critical
None.

### High
None — all high-severity items from previous review have been resolved.

### Medium (Noted, Not Fixed)
1. **`convex/timing_baseline.ts:138-160`** — `collectEligibleTimings` queries activity_submissions per activityId in a loop (N+1). Acceptable at current scale (~3 activities per family) but needs batching for production baseline recomputation.
2. **`convex/timing_baseline.ts:107-115`** — `getStaleBaselines` does `.take(1000)` then filters in-memory instead of using `by_last_computed` index for range filtering. Won't scale past 1000 families (currently ~156 families across 52 lessons).
3. **`lib/practice/objective-proficiency.ts:69,81`** — `mastered` proficiency label in union type is dead code. `buildStudentProficiencyView` and `buildTeacherProficiencyView` never produce `mastered` — the label exists for future use but has no production path.
4. **`convex/timing_baseline.ts:150`** — Fragile type assertion `(submission.submissionData as { timing?: TimingSummary })?.timing`. If submission data shape changes upstream, this silently returns undefined with no compile-time protection.
5. **`convex/timing_baseline.ts:78-110`** — `batchRecomputeTimingBaselines` runs N+1 queries per problem family within a `Promise.all` of 5 concurrent recomputations. Total query count per batch: ~25 operations. Manageable but should be documented as bounded.
6. **Double filtering** — Low-confidence submissions are filtered both in `collectEligibleTimings` (Convex layer, line 152-153) and `computeTimingBaseline` (pure layer, timing-baseline.ts:87). Harmless redundancy but adds maintenance burden.

### Low (Noted)
7. **`components/student/ObjectiveProficiencyBadge.tsx:19-30` + `components/teacher/TeacherObjectiveDiagnosticCard.tsx:13-24`** — Duplicate `LABEL_CLASSES` and `FLUENCY_CLASSES` mappings. Should be shared constants.
8. **`lib/practice/srs-rating.ts:108-116`** — `baseRating === 'Easy'` case falls through to default return. `computeBaseRating` never returns `Easy`, making this dead code. Intentional for future use but should have a comment.

## Architectural Observations
- **Practice Timing Baselines** is a well-structured track. Pure functions isolated from Convex/React, testable, and well-documented. The two-step SRS rating adapter pattern (correctness first, timing second) is sound.
- **submitReviewHandler fix** correctly resolves the write-path/read-path hash mismatch. The three test cases cover the critical scenarios.
- **Objective proficiency** correctly separates evidence quality from policy compliance. The `PRIORITY_DEFAULTS` pattern is clean and configurable.
- **Test coverage is excellent**: 1354 new test lines across 5 test files covering pure logic, Convex integration, and UI rendering.

## Summary
| Severity | Found | Fixed | Remaining |
|----------|-------|-------|-----------|
| Critical | 0 | 0 | 0 |
| High | 0 | 0 | 0 |
| Medium | 6 | 0 | 6 |
| Low | 2 | 0 | 2 |

Overall quality: **Good**. No blockers. All new code follows project conventions, style guides, and architectural patterns. The practice timing baselines track is production-ready pending scale testing.
