[0m
> build · glm-5.1
[0m
[0m✗ [0mread failed
[91m[1mError: [0mFile not found: /home/daniel-bo/Desktop/integrated-math-3/measure/autonomous_prompt.md
[0m→ [0mRead measure
[0m✱ [0mGlob "measure/autonomous*"[90m in . · 1 match[0m
[0m→ [0mRead measure/autonomous-prompt.md
[0m→ [0mSkill "measure"
Now I'll execute the autonomous prompt. Let me start by loading all context files.
[0m→ [0mRead measure/tech-debt.md
[0m→ [0mRead measure/current_directive.md
[0m→ [0mRead measure/tracks.md
[0m→ [0mRead measure/lessons-learned.md
Now let me check for any in-progress phases and existing track directories.
[0m→ [0mRead measure/tracks
[0m✱ [0mGlob "srs_dashboard_streak_test_20260425/**/*"[90m in measure/tracks · 3 matches[0m
[0m✱ [0mGlob "rate_limiting_api_20260425/**/*"[90m in measure/tracks · 3 matches[0m
[0m→ [0mRead measure/tracks/srs_dashboard_streak_test_20260425/plan.md
[0m→ [0mRead measure/tracks/srs_dashboard_streak_test_20260425/spec.md
[0m→ [0mRead measure/tracks/srs_dashboard_streak_test_20260425/metadata.json
[0m
[0m# [0mTodos
[x] Step 1: Load context (current_directive, tech-debt, lessons-learned, tracks)
[ ] Step 2: Resume or Plan - SRS Dashboard Streak Test Coverage is next priority
[ ] Step 3: Implement Phase 1 - Foundation (streak calc tests + reviews tests)
[ ] Step 4: Verify - run full test suite, build, typecheck
[ ] Step 5: Finalize - update tech-debt.md, lessons-learned.md, commit, push
[0m
[0m• [0mFind SRS dashboard/reviews source[90m Codebase-Scout Agent[0m
Now let me find the actual source files for the SRS dashboard and reviews modules that need test coverage.
[0m✗ [0mtask failed
[91m[1mError: [0mProviderModelNotFoundError
[0m✱ [0mGrep "streak"[90m in apps/integrated-math-3/convex · 22 matches[0m
[0m✱ [0mGlob "**/convex/**/reviews*.ts"[90m in . · 1 match[0m
[0m✱ [0mGlob "**/convex/**/dashboard*.ts"[90m in . · 4 matches[0m
[0m✱ [0mGlob "packages/srs-engine/src/**/*.ts"[90m in . · 15 matches[0m
[0m→ [0mRead apps/integrated-math-3/convex/srs/reviews.ts
[0m→ [0mRead apps/integrated-math-3/convex/srs/dashboard.ts
[0m→ [0mRead apps/integrated-math-3/convex/teacher/srs_queries.ts
Let me look at existing test patterns for Convex functions and check the test infrastructure.
[0m✱ [0mGlob "**/__tests__/**/review*"[90m in apps/integrated-math-3 · 3 matches[0m
[0m✱ [0mGlob "**/__tests__/**/dashboard*"[90m in apps/integrated-math-3 · 4 matches[0m
[0m✱ [0mGlob "**/__tests__/**/srs*"[90m in apps/integrated-math-3 · 4 matches[0m
[0m→ [0mRead apps/integrated-math-3/__tests__/convex/teacher/srs-dashboard.test.ts
[0m
[0m# [0mTodos
[x] Step 1: Load context (current_directive, tech-debt, lessons-learned, tracks)
[x] Step 2: Plan - SRS Dashboard Streak Test Coverage (priority #4 from directive)
[ ] Step 3a: Extract streak calc logic and write tests for dashboard.ts getPracticeStatsHandler
[ ] Step 3b: Write tests for reviews.ts (saveReview, getReviewsByCard, getReviewsByStudent)
[ ] Step 4: Verify - run full test suite, build, typecheck
[ ] Step 5: Finalize - update tech-debt.md, lessons-learned.md, commit, push
[0m
Now let me update the track spec and plan with real details, then start implementation. First, let me extract the streak calculation logic into a testable pure function.
[0m← [0mWrite measure/tracks/srs_dashboard_streak_test_20260425/spec.md
Wrote file successfully.
[0m
[0m← [0mWrite measure/tracks/srs_dashboard_streak_test_20260425/plan.md
Wrote file successfully.
[0m
Now let me implement Phase 1 — TDD for streak calculation. First, I'll write the failing tests, then extract the pure functions.
[0m← [0mWrite apps/integrated-math-3/__tests__/convex/srs/dashboard.test.ts
Wrote file successfully.
[0m
Now let me extract the pure functions from `dashboard.ts` to make the code testable:
[0m→ [0mRead apps/integrated-math-3/convex/srs/dashboard.ts
Now I'll update `dashboard.ts` to export the pure functions `getDayStart` and `calculateStreak`:
